

Processing ApplicationController#index (for 127.0.0.1 at 2008-11-24 19:50:02) [GET]
  Session ID: 30970b86a6a82b0b641c158b234ade6a
  Parameters: {}


NoMethodError (undefined method `[]' for :books:Symbol):
    /usr/local/lib/ruby/gems/1.8/gems/actionpack-2.1.2/lib/action_controller/routing/builder.rb:168:in `build'
    /usr/local/lib/ruby/gems/1.8/gems/actionpack-2.1.2/lib/action_controller/routing/route_set.rb:262:in `add_route'
    /usr/local/lib/ruby/gems/1.8/gems/actionpack-2.1.2/lib/action_controller/routing/route_set.rb:270:in `add_named_route'
    /usr/local/lib/ruby/gems/1.8/gems/actionpack-2.1.2/lib/action_controller/routing/route_set.rb:55:in `method_missing'
    /config/routes.rb:3
    /usr/local/lib/ruby/gems/1.8/gems/actionpack-2.1.2/lib/action_controller/routing/route_set.rb:208:in `draw'
    /config/routes.rb:1
    /usr/local/lib/ruby/gems/1.8/gems/activesupport-2.1.2/lib/active_support/dependencies.rb:503:in `load'
    /usr/local/lib/ruby/gems/1.8/gems/activesupport-2.1.2/lib/active_support/dependencies.rb:503:in `load'
    /usr/local/lib/ruby/gems/1.8/gems/activesupport-2.1.2/lib/active_support/dependencies.rb:355:in `new_constants_in'
    /usr/local/lib/ruby/gems/1.8/gems/activesupport-2.1.2/lib/active_support/dependencies.rb:503:in `load'
    /usr/local/lib/ruby/gems/1.8/gems/actionpack-2.1.2/lib/action_controller/routing/route_set.rb:254:in `load_routes!'
    /usr/local/lib/ruby/gems/1.8/gems/actionpack-2.1.2/lib/action_controller/routing/route_set.rb:234:in `load!'
    /usr/local/lib/ruby/gems/1.8/gems/actionpack-2.1.2/lib/action_controller/routing/route_set.rb:249:in `reload'
    /usr/local/lib/ruby/gems/1.8/gems/actionpack-2.1.2/lib/action_controller/dispatcher.rb:130:in `reload_application'
    /usr/local/lib/ruby/gems/1.8/gems/activesupport-2.1.2/lib/active_support/callbacks.rb:173:in `send'
    /usr/local/lib/ruby/gems/1.8/gems/activesupport-2.1.2/lib/active_support/callbacks.rb:173:in `evaluate_method'
    /usr/local/lib/ruby/gems/1.8/gems/activesupport-2.1.2/lib/active_support/callbacks.rb:161:in `call'
    /usr/local/lib/ruby/gems/1.8/gems/activesupport-2.1.2/lib/active_support/callbacks.rb:90:in `run'
    /usr/local/lib/ruby/gems/1.8/gems/activesupport-2.1.2/lib/active_support/callbacks.rb:90:in `each'
    /usr/local/lib/ruby/gems/1.8/gems/activesupport-2.1.2/lib/active_support/callbacks.rb:90:in `send'
    /usr/local/lib/ruby/gems/1.8/gems/activesupport-2.1.2/lib/active_support/callbacks.rb:90:in `run'
    /usr/local/lib/ruby/gems/1.8/gems/activesupport-2.1.2/lib/active_support/callbacks.rb:272:in `run_callbacks'
    /usr/local/lib/ruby/gems/1.8/gems/actionpack-2.1.2/lib/action_controller/dispatcher.rb:106:in `dispatch'
    /usr/local/lib/ruby/gems/1.8/gems/actionpack-2.1.2/lib/action_controller/dispatcher.rb:104:in `synchronize'
    /usr/local/lib/ruby/gems/1.8/gems/actionpack-2.1.2/lib/action_controller/dispatcher.rb:104:in `dispatch'
    /usr/local/lib/ruby/gems/1.8/gems/actionpack-2.1.2/lib/action_controller/dispatcher.rb:120:in `dispatch_cgi'
    /usr/local/lib/ruby/gems/1.8/gems/actionpack-2.1.2/lib/action_controller/dispatcher.rb:35:in `dispatch'
    /usr/local/lib/ruby/gems/1.8/gems/rails-2.1.2/lib/webrick_server.rb:112:in `handle_dispatch'
    /usr/local/lib/ruby/gems/1.8/gems/rails-2.1.2/lib/webrick_server.rb:78:in `service'
    /usr/local/lib/ruby/1.8/webrick/httpserver.rb:104:in `service'
    /usr/local/lib/ruby/1.8/webrick/httpserver.rb:65:in `run'
    /usr/local/lib/ruby/1.8/webrick/server.rb:173:in `start_thread'
    /usr/local/lib/ruby/1.8/webrick/server.rb:162:in `start'
    /usr/local/lib/ruby/1.8/webrick/server.rb:162:in `start_thread'
    /usr/local/lib/ruby/1.8/webrick/server.rb:95:in `start'
    /usr/local/lib/ruby/1.8/webrick/server.rb:92:in `each'
    /usr/local/lib/ruby/1.8/webrick/server.rb:92:in `start'
    /usr/local/lib/ruby/1.8/webrick/server.rb:23:in `start'
    /usr/local/lib/ruby/1.8/webrick/server.rb:82:in `start'
    /usr/local/lib/ruby/gems/1.8/gems/rails-2.1.2/lib/webrick_server.rb:62:in `dispatch'
    /usr/local/lib/ruby/gems/1.8/gems/rails-2.1.2/lib/commands/servers/webrick.rb:66
    /usr/local/lib/ruby/site_ruby/1.8/rubygems/custom_require.rb:31:in `gem_original_require'
    /usr/local/lib/ruby/site_ruby/1.8/rubygems/custom_require.rb:31:in `require'
    /usr/local/lib/ruby/gems/1.8/gems/activesupport-2.1.2/lib/active_support/dependencies.rb:510:in `require'
    /usr/local/lib/ruby/gems/1.8/gems/activesupport-2.1.2/lib/active_support/dependencies.rb:355:in `new_constants_in'
    /usr/local/lib/ruby/gems/1.8/gems/activesupport-2.1.2/lib/active_support/dependencies.rb:510:in `require'
    /usr/local/lib/ruby/gems/1.8/gems/rails-2.1.2/lib/commands/server.rb:39
    /usr/local/lib/ruby/site_ruby/1.8/rubygems/custom_require.rb:31:in `gem_original_require'
    /usr/local/lib/ruby/site_ruby/1.8/rubygems/custom_require.rb:31:in `require'
    script/server:3

Rendering /usr/local/lib/ruby/gems/1.8/gems/actionpack-2.1.2/lib/action_controller/templates/rescues/layout.erb (internal_server_error)


Processing BooksController#index (for 127.0.0.1 at 2008-11-24 19:50:49) [GET]
  Session ID: BAh7BiIKZmxhc2hJQzonQWN0aW9uQ29udHJvbGxlcjo6Rmxhc2g6OkZsYXNo
SGFzaHsABjoKQHVzZWR7AA==--82415eb33700d0337938a4625f4032533838fa55
  Parameters: {"action"=>"index", "controller"=>"books"}
Rendering books/index


ActionView::TemplateError (undefined local variable or method `bulks_path' for #<ActionView::Base:0xb70dc778>) on line #5 of books/index.html.erb:
2: 
3: 
4: <%= link_to 'New book', new_book_path %> <br />
5: <%= link_to 'Bulk Create Transactions', bulks_path %><br />
6: 
7: <p>There are <%= @books.length %> Transaction records</p>
8: <table>

    app/views/books/index.html.erb:5:in `_run_erb_47app47views47books47index46html46erb'
    /usr/local/lib/ruby/gems/1.8/gems/actionpack-2.1.2/lib/action_view/base.rb:342:in `send'
    /usr/local/lib/ruby/gems/1.8/gems/actionpack-2.1.2/lib/action_view/base.rb:342:in `execute'
    /usr/local/lib/ruby/gems/1.8/gems/actionpack-2.1.2/lib/action_view/template_handlers/compilable.rb:29:in `send'
    /usr/local/lib/ruby/gems/1.8/gems/actionpack-2.1.2/lib/action_view/template_handlers/compilable.rb:29:in `render'
    /usr/local/lib/ruby/gems/1.8/gems/actionpack-2.1.2/lib/action_view/template.rb:35:in `render'
    /usr/local/lib/ruby/gems/1.8/gems/actionpack-2.1.2/lib/action_view/template.rb:22:in `render_template'
    /usr/local/lib/ruby/gems/1.8/gems/actionpack-2.1.2/lib/action_view/base.rb:248:in `render_file'
    /usr/local/lib/ruby/gems/1.8/gems/actionpack-2.1.2/lib/action_controller/base.rb:1112:in `render_for_file'
    /usr/local/lib/ruby/gems/1.8/gems/actionpack-2.1.2/lib/action_controller/base.rb:845:in `render_with_no_layout'
    /usr/local/lib/ruby/gems/1.8/gems/actionpack-2.1.2/lib/action_controller/layout.rb:259:in `render_without_benchmark'
    /usr/local/lib/ruby/gems/1.8/gems/actionpack-2.1.2/lib/action_controller/benchmarking.rb:51:in `render'
    /usr/local/lib/ruby/gems/1.8/gems/activesupport-2.1.2/lib/active_support/core_ext/benchmark.rb:8:in `realtime'
    /usr/local/lib/ruby/gems/1.8/gems/actionpack-2.1.2/lib/action_controller/benchmarking.rb:51:in `render'
    /usr/local/lib/ruby/gems/1.8/gems/actionpack-2.1.2/lib/action_controller/base.rb:1161:in `default_render'
    /usr/local/lib/ruby/gems/1.8/gems/actionpack-2.1.2/lib/action_controller/base.rb:1167:in `perform_action_without_filters'
    /usr/local/lib/ruby/gems/1.8/gems/actionpack-2.1.2/lib/action_controller/filters.rb:579:in `call_filters'
    /usr/local/lib/ruby/gems/1.8/gems/actionpack-2.1.2/lib/action_controller/filters.rb:572:in `perform_action_without_benchmark'
    /usr/local/lib/ruby/gems/1.8/gems/actionpack-2.1.2/lib/action_controller/benchmarking.rb:68:in `perform_action_without_rescue'
    /usr/local/lib/ruby/1.8/benchmark.rb:293:in `measure'
    /usr/local/lib/ruby/gems/1.8/gems/actionpack-2.1.2/lib/action_controller/benchmarking.rb:68:in `perform_action_without_rescue'
    /usr/local/lib/ruby/gems/1.8/gems/actionpack-2.1.2/lib/action_controller/rescue.rb:201:in `perform_action'
    /usr/local/lib/ruby/gems/1.8/gems/actionpack-2.1.2/lib/action_controller/base.rb:529:in `send'
    /usr/local/lib/ruby/gems/1.8/gems/actionpack-2.1.2/lib/action_controller/base.rb:529:in `process_without_filters'
    /usr/local/lib/ruby/gems/1.8/gems/actionpack-2.1.2/lib/action_controller/filters.rb:568:in `process_without_session_management_support'
    /usr/local/lib/ruby/gems/1.8/gems/actionpack-2.1.2/lib/action_controller/session_management.rb:130:in `process'
    /usr/local/lib/ruby/gems/1.8/gems/actionpack-2.1.2/lib/action_controller/base.rb:389:in `process'
    /usr/local/lib/ruby/gems/1.8/gems/actionpack-2.1.2/lib/action_controller/dispatcher.rb:149:in `handle_request'
    /usr/local/lib/ruby/gems/1.8/gems/actionpack-2.1.2/lib/action_controller/dispatcher.rb:107:in `dispatch'
    /usr/local/lib/ruby/gems/1.8/gems/actionpack-2.1.2/lib/action_controller/dispatcher.rb:104:in `synchronize'
    /usr/local/lib/ruby/gems/1.8/gems/actionpack-2.1.2/lib/action_controller/dispatcher.rb:104:in `dispatch'
    /usr/local/lib/ruby/gems/1.8/gems/actionpack-2.1.2/lib/action_controller/dispatcher.rb:120:in `dispatch_cgi'
    /usr/local/lib/ruby/gems/1.8/gems/actionpack-2.1.2/lib/action_controller/dispatcher.rb:35:in `dispatch'
    /usr/local/lib/ruby/gems/1.8/gems/rails-2.1.2/lib/webrick_server.rb:112:in `handle_dispatch'
    /usr/local/lib/ruby/gems/1.8/gems/rails-2.1.2/lib/webrick_server.rb:78:in `service'
    /usr/local/lib/ruby/1.8/webrick/httpserver.rb:104:in `service'
    /usr/local/lib/ruby/1.8/webrick/httpserver.rb:65:in `run'
    /usr/local/lib/ruby/1.8/webrick/server.rb:173:in `start_thread'
    /usr/local/lib/ruby/1.8/webrick/server.rb:162:in `start'
    /usr/local/lib/ruby/1.8/webrick/server.rb:162:in `start_thread'
    /usr/local/lib/ruby/1.8/webrick/server.rb:95:in `start'
    /usr/local/lib/ruby/1.8/webrick/server.rb:92:in `each'
    /usr/local/lib/ruby/1.8/webrick/server.rb:92:in `start'
    /usr/local/lib/ruby/1.8/webrick/server.rb:23:in `start'
    /usr/local/lib/ruby/1.8/webrick/server.rb:82:in `start'
    /usr/local/lib/ruby/gems/1.8/gems/rails-2.1.2/lib/webrick_server.rb:62:in `dispatch'
    /usr/local/lib/ruby/gems/1.8/gems/rails-2.1.2/lib/commands/servers/webrick.rb:66
    /usr/local/lib/ruby/site_ruby/1.8/rubygems/custom_require.rb:31:in `gem_original_require'
    /usr/local/lib/ruby/site_ruby/1.8/rubygems/custom_require.rb:31:in `require'
    /usr/local/lib/ruby/gems/1.8/gems/activesupport-2.1.2/lib/active_support/dependencies.rb:510:in `require'
    /usr/local/lib/ruby/gems/1.8/gems/activesupport-2.1.2/lib/active_support/dependencies.rb:355:in `new_constants_in'
    /usr/local/lib/ruby/gems/1.8/gems/activesupport-2.1.2/lib/active_support/dependencies.rb:510:in `require'
    /usr/local/lib/ruby/gems/1.8/gems/rails-2.1.2/lib/commands/server.rb:39
    /usr/local/lib/ruby/site_ruby/1.8/rubygems/custom_require.rb:31:in `gem_original_require'
    /usr/local/lib/ruby/site_ruby/1.8/rubygems/custom_require.rb:31:in `require'
    script/server:3

Rendering /usr/local/lib/ruby/gems/1.8/gems/actionpack-2.1.2/lib/action_controller/templates/rescues/layout.erb (internal_server_error)


Processing BooksController#index (for 127.0.0.1 at 2008-11-24 19:51:35) [GET]
  Session ID: BAh7BiIKZmxhc2hJQzonQWN0aW9uQ29udHJvbGxlcjo6Rmxhc2g6OkZsYXNo
SGFzaHsABjoKQHVzZWR7AA==--82415eb33700d0337938a4625f4032533838fa55
  Parameters: {"action"=>"index", "controller"=>"books"}
Rendering books/index
Completed in 0.14839 (6 reqs/sec) | Rendering: 0.00156 (1%) | 200 OK [http://localhost/]


Processing BooksController#new (for 127.0.0.1 at 2008-11-24 19:52:49) [GET]
  Session ID: BAh7BiIKZmxhc2hJQzonQWN0aW9uQ29udHJvbGxlcjo6Rmxhc2g6OkZsYXNo
SGFzaHsABjoKQHVzZWR7AA==--82415eb33700d0337938a4625f4032533838fa55
  Parameters: {"action"=>"new", "controller"=>"books"}
Rendering books/new


ActionView::TemplateError (Called id for nil, which would mistakenly be 4 -- if you really wanted the id of nil, use object_id) on line #3 of books/new.html.erb:
1: <h1>New Book</h1>
2: 
3: <% form_for(@book) do |f| %>
4:   <%# f.error_messages %>
5: 
6:   <p>

    /usr/local/lib/ruby/gems/1.8/gems/actionpack-2.1.2/lib/action_controller/record_identifier.rb:76:in `dom_id'
    /usr/local/lib/ruby/gems/1.8/gems/actionpack-2.1.2/lib/action_view/helpers/record_identification_helper.rb:16:in `dom_id'
    /usr/local/lib/ruby/gems/1.8/gems/actionpack-2.1.2/lib/action_view/helpers/form_helper.rb:264:in `apply_form_for_options!'
    /usr/local/lib/ruby/gems/1.8/gems/actionpack-2.1.2/lib/action_view/helpers/form_helper.rb:248:in `form_for'
    app/views/books/new.html.erb:3:in `_run_erb_47app47views47books47new46html46erb'
    /usr/local/lib/ruby/gems/1.8/gems/actionpack-2.1.2/lib/action_view/base.rb:342:in `send'
    /usr/local/lib/ruby/gems/1.8/gems/actionpack-2.1.2/lib/action_view/base.rb:342:in `execute'
    /usr/local/lib/ruby/gems/1.8/gems/actionpack-2.1.2/lib/action_view/template_handlers/compilable.rb:29:in `send'
    /usr/local/lib/ruby/gems/1.8/gems/actionpack-2.1.2/lib/action_view/template_handlers/compilable.rb:29:in `render'
    /usr/local/lib/ruby/gems/1.8/gems/actionpack-2.1.2/lib/action_view/template.rb:35:in `render'
    /usr/local/lib/ruby/gems/1.8/gems/actionpack-2.1.2/lib/action_view/template.rb:22:in `render_template'
    /usr/local/lib/ruby/gems/1.8/gems/actionpack-2.1.2/lib/action_view/base.rb:248:in `render_file'
    /usr/local/lib/ruby/gems/1.8/gems/actionpack-2.1.2/lib/action_controller/base.rb:1112:in `render_for_file'
    /usr/local/lib/ruby/gems/1.8/gems/actionpack-2.1.2/lib/action_controller/base.rb:845:in `render_with_no_layout'
    /usr/local/lib/ruby/gems/1.8/gems/actionpack-2.1.2/lib/action_controller/layout.rb:259:in `render_without_benchmark'
    /usr/local/lib/ruby/gems/1.8/gems/actionpack-2.1.2/lib/action_controller/benchmarking.rb:51:in `render'
    /usr/local/lib/ruby/gems/1.8/gems/activesupport-2.1.2/lib/active_support/core_ext/benchmark.rb:8:in `realtime'
    /usr/local/lib/ruby/gems/1.8/gems/actionpack-2.1.2/lib/action_controller/benchmarking.rb:51:in `render'
    /usr/local/lib/ruby/gems/1.8/gems/actionpack-2.1.2/lib/action_controller/base.rb:1161:in `default_render'
    /usr/local/lib/ruby/gems/1.8/gems/actionpack-2.1.2/lib/action_controller/base.rb:1167:in `perform_action_without_filters'
    /usr/local/lib/ruby/gems/1.8/gems/actionpack-2.1.2/lib/action_controller/filters.rb:579:in `call_filters'
    /usr/local/lib/ruby/gems/1.8/gems/actionpack-2.1.2/lib/action_controller/filters.rb:572:in `perform_action_without_benchmark'
    /usr/local/lib/ruby/gems/1.8/gems/actionpack-2.1.2/lib/action_controller/benchmarking.rb:68:in `perform_action_without_rescue'
    /usr/local/lib/ruby/1.8/benchmark.rb:293:in `measure'
    /usr/local/lib/ruby/gems/1.8/gems/actionpack-2.1.2/lib/action_controller/benchmarking.rb:68:in `perform_action_without_rescue'
    /usr/local/lib/ruby/gems/1.8/gems/actionpack-2.1.2/lib/action_controller/rescue.rb:201:in `perform_action'
    /usr/local/lib/ruby/gems/1.8/gems/actionpack-2.1.2/lib/action_controller/base.rb:529:in `send'
    /usr/local/lib/ruby/gems/1.8/gems/actionpack-2.1.2/lib/action_controller/base.rb:529:in `process_without_filters'
    /usr/local/lib/ruby/gems/1.8/gems/actionpack-2.1.2/lib/action_controller/filters.rb:568:in `process_without_session_management_support'
    /usr/local/lib/ruby/gems/1.8/gems/actionpack-2.1.2/lib/action_controller/session_management.rb:130:in `process'
    /usr/local/lib/ruby/gems/1.8/gems/actionpack-2.1.2/lib/action_controller/base.rb:389:in `process'
    /usr/local/lib/ruby/gems/1.8/gems/actionpack-2.1.2/lib/action_controller/dispatcher.rb:149:in `handle_request'
    /usr/local/lib/ruby/gems/1.8/gems/actionpack-2.1.2/lib/action_controller/dispatcher.rb:107:in `dispatch'
    /usr/local/lib/ruby/gems/1.8/gems/actionpack-2.1.2/lib/action_controller/dispatcher.rb:104:in `synchronize'
    /usr/local/lib/ruby/gems/1.8/gems/actionpack-2.1.2/lib/action_controller/dispatcher.rb:104:in `dispatch'
    /usr/local/lib/ruby/gems/1.8/gems/actionpack-2.1.2/lib/action_controller/dispatcher.rb:120:in `dispatch_cgi'
    /usr/local/lib/ruby/gems/1.8/gems/actionpack-2.1.2/lib/action_controller/dispatcher.rb:35:in `dispatch'
    /usr/local/lib/ruby/gems/1.8/gems/rails-2.1.2/lib/webrick_server.rb:112:in `handle_dispatch'
    /usr/local/lib/ruby/gems/1.8/gems/rails-2.1.2/lib/webrick_server.rb:78:in `service'
    /usr/local/lib/ruby/1.8/webrick/httpserver.rb:104:in `service'
    /usr/local/lib/ruby/1.8/webrick/httpserver.rb:65:in `run'
    /usr/local/lib/ruby/1.8/webrick/server.rb:173:in `start_thread'
    /usr/local/lib/ruby/1.8/webrick/server.rb:162:in `start'
    /usr/local/lib/ruby/1.8/webrick/server.rb:162:in `start_thread'
    /usr/local/lib/ruby/1.8/webrick/server.rb:95:in `start'
    /usr/local/lib/ruby/1.8/webrick/server.rb:92:in `each'
    /usr/local/lib/ruby/1.8/webrick/server.rb:92:in `start'
    /usr/local/lib/ruby/1.8/webrick/server.rb:23:in `start'
    /usr/local/lib/ruby/1.8/webrick/server.rb:82:in `start'
    /usr/local/lib/ruby/gems/1.8/gems/rails-2.1.2/lib/webrick_server.rb:62:in `dispatch'
    /usr/local/lib/ruby/gems/1.8/gems/rails-2.1.2/lib/commands/servers/webrick.rb:66
    /usr/local/lib/ruby/site_ruby/1.8/rubygems/custom_require.rb:31:in `gem_original_require'
    /usr/local/lib/ruby/site_ruby/1.8/rubygems/custom_require.rb:31:in `require'
    /usr/local/lib/ruby/gems/1.8/gems/activesupport-2.1.2/lib/active_support/dependencies.rb:510:in `require'
    /usr/local/lib/ruby/gems/1.8/gems/activesupport-2.1.2/lib/active_support/dependencies.rb:355:in `new_constants_in'
    /usr/local/lib/ruby/gems/1.8/gems/activesupport-2.1.2/lib/active_support/dependencies.rb:510:in `require'
    /usr/local/lib/ruby/gems/1.8/gems/rails-2.1.2/lib/commands/server.rb:39
    /usr/local/lib/ruby/site_ruby/1.8/rubygems/custom_require.rb:31:in `gem_original_require'
    /usr/local/lib/ruby/site_ruby/1.8/rubygems/custom_require.rb:31:in `require'
    script/server:3

Rendering /usr/local/lib/ruby/gems/1.8/gems/actionpack-2.1.2/lib/action_controller/templates/rescues/layout.erb (internal_server_error)


Processing BooksController#new (for 127.0.0.1 at 2008-11-24 19:53:10) [GET]
  Session ID: BAh7BiIKZmxhc2hJQzonQWN0aW9uQ29udHJvbGxlcjo6Rmxhc2g6OkZsYXNo
SGFzaHsABjoKQHVzZWR7AA==--82415eb33700d0337938a4625f4032533838fa55
  Parameters: {"action"=>"new", "controller"=>"books"}
Rendering books/new
Completed in 0.18093 (5 reqs/sec) | Rendering: 0.16405 (90%) | 200 OK [http://localhost/books/new]


Processing BooksController#create (for 127.0.0.1 at 2008-11-24 19:54:52) [POST]
  Session ID: BAh7BzoMY3NyZl9pZCIlODQ3ODk1ZWQxZmVmZTEyNDZjNWY0NzI4YTZkMTVk
NDUiCmZsYXNoSUM6J0FjdGlvbkNvbnRyb2xsZXI6OkZsYXNoOjpGbGFzaEhh
c2h7AAY6CkB1c2VkewA=--7949be652e66ee8dcb0ee21f2ddb236d24cc79eb
  Parameters: {"commit"=>"Create", "authenticity_token"=>"cac73cf28387718b13e7f7f0c301f9ec3785f7fe", "action"=>"create", "controller"=>"books", "book"=>{"name"=>"Test", "date(1i)"=>"2008", "date(2i)"=>"11", "date(3i)"=>"24", "amount"=>"50", "description"=>"Test description"}}
Rendering books/create
Completed in 0.01461 (68 reqs/sec) | Rendering: 0.00143 (9%) | 200 OK [http://localhost/books]


Processing BooksController#create (for 127.0.0.1 at 2008-11-24 19:55:49) [POST]
  Session ID: BAh7BzoMY3NyZl9pZCIlODQ3ODk1ZWQxZmVmZTEyNDZjNWY0NzI4YTZkMTVk
NDUiCmZsYXNoSUM6J0FjdGlvbkNvbnRyb2xsZXI6OkZsYXNoOjpGbGFzaEhh
c2h7AAY6CkB1c2VkewA=--7949be652e66ee8dcb0ee21f2ddb236d24cc79eb
  Parameters: {"commit"=>"Create", "authenticity_token"=>"cac73cf28387718b13e7f7f0c301f9ec3785f7fe", "action"=>"create", "controller"=>"books", "book"=>{"name"=>"Test", "date(1i)"=>"2008", "date(2i)"=>"11", "date(3i)"=>"24", "amount"=>"50", "description"=>"Test description"}}
Rendering books/create


ActionView::TemplateError (You have a nil object when you didn't expect it!
The error occurred while evaluating nil.amount) on line #3 of books/create.html.erb:
1: <p>
2:   <b>Amount:</b>
3:   <%=h @book.amount %>
4: </p>
5: 
6: <p>

    app/views/books/create.html.erb:3:in `_run_erb_47app47views47books47create46html46erb'
    /usr/local/lib/ruby/gems/1.8/gems/actionpack-2.1.2/lib/action_view/base.rb:342:in `send'
    /usr/local/lib/ruby/gems/1.8/gems/actionpack-2.1.2/lib/action_view/base.rb:342:in `execute'
    /usr/local/lib/ruby/gems/1.8/gems/actionpack-2.1.2/lib/action_view/template_handlers/compilable.rb:29:in `send'
    /usr/local/lib/ruby/gems/1.8/gems/actionpack-2.1.2/lib/action_view/template_handlers/compilable.rb:29:in `render'
    /usr/local/lib/ruby/gems/1.8/gems/actionpack-2.1.2/lib/action_view/template.rb:35:in `render'
    /usr/local/lib/ruby/gems/1.8/gems/actionpack-2.1.2/lib/action_view/template.rb:22:in `render_template'
    /usr/local/lib/ruby/gems/1.8/gems/actionpack-2.1.2/lib/action_view/base.rb:248:in `render_file'
    /usr/local/lib/ruby/gems/1.8/gems/actionpack-2.1.2/lib/action_controller/base.rb:1112:in `render_for_file'
    /usr/local/lib/ruby/gems/1.8/gems/actionpack-2.1.2/lib/action_controller/base.rb:845:in `render_with_no_layout'
    /usr/local/lib/ruby/gems/1.8/gems/actionpack-2.1.2/lib/action_controller/layout.rb:259:in `render_without_benchmark'
    /usr/local/lib/ruby/gems/1.8/gems/actionpack-2.1.2/lib/action_controller/benchmarking.rb:51:in `render'
    /usr/local/lib/ruby/gems/1.8/gems/activesupport-2.1.2/lib/active_support/core_ext/benchmark.rb:8:in `realtime'
    /usr/local/lib/ruby/gems/1.8/gems/actionpack-2.1.2/lib/action_controller/benchmarking.rb:51:in `render'
    /usr/local/lib/ruby/gems/1.8/gems/actionpack-2.1.2/lib/action_controller/base.rb:1161:in `default_render'
    /usr/local/lib/ruby/gems/1.8/gems/actionpack-2.1.2/lib/action_controller/base.rb:1167:in `perform_action_without_filters'
    /usr/local/lib/ruby/gems/1.8/gems/actionpack-2.1.2/lib/action_controller/filters.rb:579:in `call_filters'
    /usr/local/lib/ruby/gems/1.8/gems/actionpack-2.1.2/lib/action_controller/filters.rb:572:in `perform_action_without_benchmark'
    /usr/local/lib/ruby/gems/1.8/gems/actionpack-2.1.2/lib/action_controller/benchmarking.rb:68:in `perform_action_without_rescue'
    /usr/local/lib/ruby/1.8/benchmark.rb:293:in `measure'
    /usr/local/lib/ruby/gems/1.8/gems/actionpack-2.1.2/lib/action_controller/benchmarking.rb:68:in `perform_action_without_rescue'
    /usr/local/lib/ruby/gems/1.8/gems/actionpack-2.1.2/lib/action_controller/rescue.rb:201:in `perform_action'
    /usr/local/lib/ruby/gems/1.8/gems/actionpack-2.1.2/lib/action_controller/base.rb:529:in `send'
    /usr/local/lib/ruby/gems/1.8/gems/actionpack-2.1.2/lib/action_controller/base.rb:529:in `process_without_filters'
    /usr/local/lib/ruby/gems/1.8/gems/actionpack-2.1.2/lib/action_controller/filters.rb:568:in `process_without_session_management_support'
    /usr/local/lib/ruby/gems/1.8/gems/actionpack-2.1.2/lib/action_controller/session_management.rb:130:in `process'
    /usr/local/lib/ruby/gems/1.8/gems/actionpack-2.1.2/lib/action_controller/base.rb:389:in `process'
    /usr/local/lib/ruby/gems/1.8/gems/actionpack-2.1.2/lib/action_controller/dispatcher.rb:149:in `handle_request'
    /usr/local/lib/ruby/gems/1.8/gems/actionpack-2.1.2/lib/action_controller/dispatcher.rb:107:in `dispatch'
    /usr/local/lib/ruby/gems/1.8/gems/actionpack-2.1.2/lib/action_controller/dispatcher.rb:104:in `synchronize'
    /usr/local/lib/ruby/gems/1.8/gems/actionpack-2.1.2/lib/action_controller/dispatcher.rb:104:in `dispatch'
    /usr/local/lib/ruby/gems/1.8/gems/actionpack-2.1.2/lib/action_controller/dispatcher.rb:120:in `dispatch_cgi'
    /usr/local/lib/ruby/gems/1.8/gems/actionpack-2.1.2/lib/action_controller/dispatcher.rb:35:in `dispatch'
    /usr/local/lib/ruby/gems/1.8/gems/rails-2.1.2/lib/webrick_server.rb:112:in `handle_dispatch'
    /usr/local/lib/ruby/gems/1.8/gems/rails-2.1.2/lib/webrick_server.rb:78:in `service'
    /usr/local/lib/ruby/1.8/webrick/httpserver.rb:104:in `service'
    /usr/local/lib/ruby/1.8/webrick/httpserver.rb:65:in `run'
    /usr/local/lib/ruby/1.8/webrick/server.rb:173:in `start_thread'
    /usr/local/lib/ruby/1.8/webrick/server.rb:162:in `start'
    /usr/local/lib/ruby/1.8/webrick/server.rb:162:in `start_thread'
    /usr/local/lib/ruby/1.8/webrick/server.rb:95:in `start'
    /usr/local/lib/ruby/1.8/webrick/server.rb:92:in `each'
    /usr/local/lib/ruby/1.8/webrick/server.rb:92:in `start'
    /usr/local/lib/ruby/1.8/webrick/server.rb:23:in `start'
    /usr/local/lib/ruby/1.8/webrick/server.rb:82:in `start'
    /usr/local/lib/ruby/gems/1.8/gems/rails-2.1.2/lib/webrick_server.rb:62:in `dispatch'
    /usr/local/lib/ruby/gems/1.8/gems/rails-2.1.2/lib/commands/servers/webrick.rb:66
    /usr/local/lib/ruby/site_ruby/1.8/rubygems/custom_require.rb:31:in `gem_original_require'
    /usr/local/lib/ruby/site_ruby/1.8/rubygems/custom_require.rb:31:in `require'
    /usr/local/lib/ruby/gems/1.8/gems/activesupport-2.1.2/lib/active_support/dependencies.rb:510:in `require'
    /usr/local/lib/ruby/gems/1.8/gems/activesupport-2.1.2/lib/active_support/dependencies.rb:355:in `new_constants_in'
    /usr/local/lib/ruby/gems/1.8/gems/activesupport-2.1.2/lib/active_support/dependencies.rb:510:in `require'
    /usr/local/lib/ruby/gems/1.8/gems/rails-2.1.2/lib/commands/server.rb:39
    /usr/local/lib/ruby/site_ruby/1.8/rubygems/custom_require.rb:31:in `gem_original_require'
    /usr/local/lib/ruby/site_ruby/1.8/rubygems/custom_require.rb:31:in `require'
    script/server:3

Rendering /usr/local/lib/ruby/gems/1.8/gems/actionpack-2.1.2/lib/action_controller/templates/rescues/layout.erb (internal_server_error)


Processing BooksController#create (for 127.0.0.1 at 2008-11-24 19:55:50) [POST]
  Session ID: BAh7BzoMY3NyZl9pZCIlODQ3ODk1ZWQxZmVmZTEyNDZjNWY0NzI4YTZkMTVk
NDUiCmZsYXNoSUM6J0FjdGlvbkNvbnRyb2xsZXI6OkZsYXNoOjpGbGFzaEhh
c2h7AAY6CkB1c2VkewA=--7949be652e66ee8dcb0ee21f2ddb236d24cc79eb
  Parameters: {"commit"=>"Create", "authenticity_token"=>"cac73cf28387718b13e7f7f0c301f9ec3785f7fe", "action"=>"create", "controller"=>"books", "book"=>{"name"=>"Test", "date(1i)"=>"2008", "date(2i)"=>"11", "date(3i)"=>"24", "amount"=>"50", "description"=>"Test description"}}
Rendering books/create


ActionView::TemplateError (You have a nil object when you didn't expect it!
The error occurred while evaluating nil.amount) on line #3 of books/create.html.erb:
1: <p>
2:   <b>Amount:</b>
3:   <%=h @book.amount %>
4: </p>
5: 
6: <p>

    app/views/books/create.html.erb:3:in `_run_erb_47app47views47books47create46html46erb'
    /usr/local/lib/ruby/gems/1.8/gems/actionpack-2.1.2/lib/action_view/base.rb:342:in `send'
    /usr/local/lib/ruby/gems/1.8/gems/actionpack-2.1.2/lib/action_view/base.rb:342:in `execute'
    /usr/local/lib/ruby/gems/1.8/gems/actionpack-2.1.2/lib/action_view/template_handlers/compilable.rb:29:in `send'
    /usr/local/lib/ruby/gems/1.8/gems/actionpack-2.1.2/lib/action_view/template_handlers/compilable.rb:29:in `render'
    /usr/local/lib/ruby/gems/1.8/gems/actionpack-2.1.2/lib/action_view/template.rb:35:in `render'
    /usr/local/lib/ruby/gems/1.8/gems/actionpack-2.1.2/lib/action_view/template.rb:22:in `render_template'
    /usr/local/lib/ruby/gems/1.8/gems/actionpack-2.1.2/lib/action_view/base.rb:248:in `render_file'
    /usr/local/lib/ruby/gems/1.8/gems/actionpack-2.1.2/lib/action_controller/base.rb:1112:in `render_for_file'
    /usr/local/lib/ruby/gems/1.8/gems/actionpack-2.1.2/lib/action_controller/base.rb:845:in `render_with_no_layout'
    /usr/local/lib/ruby/gems/1.8/gems/actionpack-2.1.2/lib/action_controller/layout.rb:259:in `render_without_benchmark'
    /usr/local/lib/ruby/gems/1.8/gems/actionpack-2.1.2/lib/action_controller/benchmarking.rb:51:in `render'
    /usr/local/lib/ruby/gems/1.8/gems/activesupport-2.1.2/lib/active_support/core_ext/benchmark.rb:8:in `realtime'
    /usr/local/lib/ruby/gems/1.8/gems/actionpack-2.1.2/lib/action_controller/benchmarking.rb:51:in `render'
    /usr/local/lib/ruby/gems/1.8/gems/actionpack-2.1.2/lib/action_controller/base.rb:1161:in `default_render'
    /usr/local/lib/ruby/gems/1.8/gems/actionpack-2.1.2/lib/action_controller/base.rb:1167:in `perform_action_without_filters'
    /usr/local/lib/ruby/gems/1.8/gems/actionpack-2.1.2/lib/action_controller/filters.rb:579:in `call_filters'
    /usr/local/lib/ruby/gems/1.8/gems/actionpack-2.1.2/lib/action_controller/filters.rb:572:in `perform_action_without_benchmark'
    /usr/local/lib/ruby/gems/1.8/gems/actionpack-2.1.2/lib/action_controller/benchmarking.rb:68:in `perform_action_without_rescue'
    /usr/local/lib/ruby/1.8/benchmark.rb:293:in `measure'
    /usr/local/lib/ruby/gems/1.8/gems/actionpack-2.1.2/lib/action_controller/benchmarking.rb:68:in `perform_action_without_rescue'
    /usr/local/lib/ruby/gems/1.8/gems/actionpack-2.1.2/lib/action_controller/rescue.rb:201:in `perform_action'
    /usr/local/lib/ruby/gems/1.8/gems/actionpack-2.1.2/lib/action_controller/base.rb:529:in `send'
    /usr/local/lib/ruby/gems/1.8/gems/actionpack-2.1.2/lib/action_controller/base.rb:529:in `process_without_filters'
    /usr/local/lib/ruby/gems/1.8/gems/actionpack-2.1.2/lib/action_controller/filters.rb:568:in `process_without_session_management_support'
    /usr/local/lib/ruby/gems/1.8/gems/actionpack-2.1.2/lib/action_controller/session_management.rb:130:in `process'
    /usr/local/lib/ruby/gems/1.8/gems/actionpack-2.1.2/lib/action_controller/base.rb:389:in `process'
    /usr/local/lib/ruby/gems/1.8/gems/actionpack-2.1.2/lib/action_controller/dispatcher.rb:149:in `handle_request'
    /usr/local/lib/ruby/gems/1.8/gems/actionpack-2.1.2/lib/action_controller/dispatcher.rb:107:in `dispatch'
    /usr/local/lib/ruby/gems/1.8/gems/actionpack-2.1.2/lib/action_controller/dispatcher.rb:104:in `synchronize'
    /usr/local/lib/ruby/gems/1.8/gems/actionpack-2.1.2/lib/action_controller/dispatcher.rb:104:in `dispatch'
    /usr/local/lib/ruby/gems/1.8/gems/actionpack-2.1.2/lib/action_controller/dispatcher.rb:120:in `dispatch_cgi'
    /usr/local/lib/ruby/gems/1.8/gems/actionpack-2.1.2/lib/action_controller/dispatcher.rb:35:in `dispatch'
    /usr/local/lib/ruby/gems/1.8/gems/rails-2.1.2/lib/webrick_server.rb:112:in `handle_dispatch'
    /usr/local/lib/ruby/gems/1.8/gems/rails-2.1.2/lib/webrick_server.rb:78:in `service'
    /usr/local/lib/ruby/1.8/webrick/httpserver.rb:104:in `service'
    /usr/local/lib/ruby/1.8/webrick/httpserver.rb:65:in `run'
    /usr/local/lib/ruby/1.8/webrick/server.rb:173:in `start_thread'
    /usr/local/lib/ruby/1.8/webrick/server.rb:162:in `start'
    /usr/local/lib/ruby/1.8/webrick/server.rb:162:in `start_thread'
    /usr/local/lib/ruby/1.8/webrick/server.rb:95:in `start'
    /usr/local/lib/ruby/1.8/webrick/server.rb:92:in `each'
    /usr/local/lib/ruby/1.8/webrick/server.rb:92:in `start'
    /usr/local/lib/ruby/1.8/webrick/server.rb:23:in `start'
    /usr/local/lib/ruby/1.8/webrick/server.rb:82:in `start'
    /usr/local/lib/ruby/gems/1.8/gems/rails-2.1.2/lib/webrick_server.rb:62:in `dispatch'
    /usr/local/lib/ruby/gems/1.8/gems/rails-2.1.2/lib/commands/servers/webrick.rb:66
    /usr/local/lib/ruby/site_ruby/1.8/rubygems/custom_require.rb:31:in `gem_original_require'
    /usr/local/lib/ruby/site_ruby/1.8/rubygems/custom_require.rb:31:in `require'
    /usr/local/lib/ruby/gems/1.8/gems/activesupport-2.1.2/lib/active_support/dependencies.rb:510:in `require'
    /usr/local/lib/ruby/gems/1.8/gems/activesupport-2.1.2/lib/active_support/dependencies.rb:355:in `new_constants_in'
    /usr/local/lib/ruby/gems/1.8/gems/activesupport-2.1.2/lib/active_support/dependencies.rb:510:in `require'
    /usr/local/lib/ruby/gems/1.8/gems/rails-2.1.2/lib/commands/server.rb:39
    /usr/local/lib/ruby/site_ruby/1.8/rubygems/custom_require.rb:31:in `gem_original_require'
    /usr/local/lib/ruby/site_ruby/1.8/rubygems/custom_require.rb:31:in `require'
    script/server:3

Rendering /usr/local/lib/ruby/gems/1.8/gems/actionpack-2.1.2/lib/action_controller/templates/rescues/layout.erb (internal_server_error)


Processing BooksController#create (for 127.0.0.1 at 2008-11-24 19:56:06) [POST]
  Session ID: BAh7BzoMY3NyZl9pZCIlODQ3ODk1ZWQxZmVmZTEyNDZjNWY0NzI4YTZkMTVk
NDUiCmZsYXNoSUM6J0FjdGlvbkNvbnRyb2xsZXI6OkZsYXNoOjpGbGFzaEhh
c2h7AAY6CkB1c2VkewA=--7949be652e66ee8dcb0ee21f2ddb236d24cc79eb
  Parameters: {"commit"=>"Create", "authenticity_token"=>"cac73cf28387718b13e7f7f0c301f9ec3785f7fe", "action"=>"create", "controller"=>"books", "book"=>{"name"=>"Test", "date(1i)"=>"2008", "date(2i)"=>"11", "date(3i)"=>"24", "amount"=>"50", "description"=>"Test description"}}
Rendering books/create


ActionView::TemplateError (You have a nil object when you didn't expect it!
The error occurred while evaluating nil.amount) on line #3 of books/create.html.erb:
1: <p>
2:   <b>Amount:</b>
3:   <%=h @book.amount %>
4: </p>
5: 
6: <p>

    app/views/books/create.html.erb:3:in `_run_erb_47app47views47books47create46html46erb'
    /usr/local/lib/ruby/gems/1.8/gems/actionpack-2.1.2/lib/action_view/base.rb:342:in `send'
    /usr/local/lib/ruby/gems/1.8/gems/actionpack-2.1.2/lib/action_view/base.rb:342:in `execute'
    /usr/local/lib/ruby/gems/1.8/gems/actionpack-2.1.2/lib/action_view/template_handlers/compilable.rb:29:in `send'
    /usr/local/lib/ruby/gems/1.8/gems/actionpack-2.1.2/lib/action_view/template_handlers/compilable.rb:29:in `render'
    /usr/local/lib/ruby/gems/1.8/gems/actionpack-2.1.2/lib/action_view/template.rb:35:in `render'
    /usr/local/lib/ruby/gems/1.8/gems/actionpack-2.1.2/lib/action_view/template.rb:22:in `render_template'
    /usr/local/lib/ruby/gems/1.8/gems/actionpack-2.1.2/lib/action_view/base.rb:248:in `render_file'
    /usr/local/lib/ruby/gems/1.8/gems/actionpack-2.1.2/lib/action_controller/base.rb:1112:in `render_for_file'
    /usr/local/lib/ruby/gems/1.8/gems/actionpack-2.1.2/lib/action_controller/base.rb:845:in `render_with_no_layout'
    /usr/local/lib/ruby/gems/1.8/gems/actionpack-2.1.2/lib/action_controller/layout.rb:259:in `render_without_benchmark'
    /usr/local/lib/ruby/gems/1.8/gems/actionpack-2.1.2/lib/action_controller/benchmarking.rb:51:in `render'
    /usr/local/lib/ruby/gems/1.8/gems/activesupport-2.1.2/lib/active_support/core_ext/benchmark.rb:8:in `realtime'
    /usr/local/lib/ruby/gems/1.8/gems/actionpack-2.1.2/lib/action_controller/benchmarking.rb:51:in `render'
    /usr/local/lib/ruby/gems/1.8/gems/actionpack-2.1.2/lib/action_controller/base.rb:1161:in `default_render'
    /usr/local/lib/ruby/gems/1.8/gems/actionpack-2.1.2/lib/action_controller/base.rb:1167:in `perform_action_without_filters'
    /usr/local/lib/ruby/gems/1.8/gems/actionpack-2.1.2/lib/action_controller/filters.rb:579:in `call_filters'
    /usr/local/lib/ruby/gems/1.8/gems/actionpack-2.1.2/lib/action_controller/filters.rb:572:in `perform_action_without_benchmark'
    /usr/local/lib/ruby/gems/1.8/gems/actionpack-2.1.2/lib/action_controller/benchmarking.rb:68:in `perform_action_without_rescue'
    /usr/local/lib/ruby/1.8/benchmark.rb:293:in `measure'
    /usr/local/lib/ruby/gems/1.8/gems/actionpack-2.1.2/lib/action_controller/benchmarking.rb:68:in `perform_action_without_rescue'
    /usr/local/lib/ruby/gems/1.8/gems/actionpack-2.1.2/lib/action_controller/rescue.rb:201:in `perform_action'
    /usr/local/lib/ruby/gems/1.8/gems/actionpack-2.1.2/lib/action_controller/base.rb:529:in `send'
    /usr/local/lib/ruby/gems/1.8/gems/actionpack-2.1.2/lib/action_controller/base.rb:529:in `process_without_filters'
    /usr/local/lib/ruby/gems/1.8/gems/actionpack-2.1.2/lib/action_controller/filters.rb:568:in `process_without_session_management_support'
    /usr/local/lib/ruby/gems/1.8/gems/actionpack-2.1.2/lib/action_controller/session_management.rb:130:in `process'
    /usr/local/lib/ruby/gems/1.8/gems/actionpack-2.1.2/lib/action_controller/base.rb:389:in `process'
    /usr/local/lib/ruby/gems/1.8/gems/actionpack-2.1.2/lib/action_controller/dispatcher.rb:149:in `handle_request'
    /usr/local/lib/ruby/gems/1.8/gems/actionpack-2.1.2/lib/action_controller/dispatcher.rb:107:in `dispatch'
    /usr/local/lib/ruby/gems/1.8/gems/actionpack-2.1.2/lib/action_controller/dispatcher.rb:104:in `synchronize'
    /usr/local/lib/ruby/gems/1.8/gems/actionpack-2.1.2/lib/action_controller/dispatcher.rb:104:in `dispatch'
    /usr/local/lib/ruby/gems/1.8/gems/actionpack-2.1.2/lib/action_controller/dispatcher.rb:120:in `dispatch_cgi'
    /usr/local/lib/ruby/gems/1.8/gems/actionpack-2.1.2/lib/action_controller/dispatcher.rb:35:in `dispatch'
    /usr/local/lib/ruby/gems/1.8/gems/rails-2.1.2/lib/webrick_server.rb:112:in `handle_dispatch'
    /usr/local/lib/ruby/gems/1.8/gems/rails-2.1.2/lib/webrick_server.rb:78:in `service'
    /usr/local/lib/ruby/1.8/webrick/httpserver.rb:104:in `service'
    /usr/local/lib/ruby/1.8/webrick/httpserver.rb:65:in `run'
    /usr/local/lib/ruby/1.8/webrick/server.rb:173:in `start_thread'
    /usr/local/lib/ruby/1.8/webrick/server.rb:162:in `start'
    /usr/local/lib/ruby/1.8/webrick/server.rb:162:in `start_thread'
    /usr/local/lib/ruby/1.8/webrick/server.rb:95:in `start'
    /usr/local/lib/ruby/1.8/webrick/server.rb:92:in `each'
    /usr/local/lib/ruby/1.8/webrick/server.rb:92:in `start'
    /usr/local/lib/ruby/1.8/webrick/server.rb:23:in `start'
    /usr/local/lib/ruby/1.8/webrick/server.rb:82:in `start'
    /usr/local/lib/ruby/gems/1.8/gems/rails-2.1.2/lib/webrick_server.rb:62:in `dispatch'
    /usr/local/lib/ruby/gems/1.8/gems/rails-2.1.2/lib/commands/servers/webrick.rb:66
    /usr/local/lib/ruby/site_ruby/1.8/rubygems/custom_require.rb:31:in `gem_original_require'
    /usr/local/lib/ruby/site_ruby/1.8/rubygems/custom_require.rb:31:in `require'
    /usr/local/lib/ruby/gems/1.8/gems/activesupport-2.1.2/lib/active_support/dependencies.rb:510:in `require'
    /usr/local/lib/ruby/gems/1.8/gems/activesupport-2.1.2/lib/active_support/dependencies.rb:355:in `new_constants_in'
    /usr/local/lib/ruby/gems/1.8/gems/activesupport-2.1.2/lib/active_support/dependencies.rb:510:in `require'
    /usr/local/lib/ruby/gems/1.8/gems/rails-2.1.2/lib/commands/server.rb:39
    /usr/local/lib/ruby/site_ruby/1.8/rubygems/custom_require.rb:31:in `gem_original_require'
    /usr/local/lib/ruby/site_ruby/1.8/rubygems/custom_require.rb:31:in `require'
    script/server:3

Rendering /usr/local/lib/ruby/gems/1.8/gems/actionpack-2.1.2/lib/action_controller/templates/rescues/layout.erb (internal_server_error)


Processing BooksController#create (for 127.0.0.1 at 2008-11-24 19:57:25) [POST]
  Session ID: BAh7BzoMY3NyZl9pZCIlODQ3ODk1ZWQxZmVmZTEyNDZjNWY0NzI4YTZkMTVk
NDUiCmZsYXNoSUM6J0FjdGlvbkNvbnRyb2xsZXI6OkZsYXNoOjpGbGFzaEhh
c2h7AAY6CkB1c2VkewA=--7949be652e66ee8dcb0ee21f2ddb236d24cc79eb
  Parameters: {"commit"=>"Create", "authenticity_token"=>"cac73cf28387718b13e7f7f0c301f9ec3785f7fe", "action"=>"create", "controller"=>"books", "book"=>{"name"=>"Test", "date(1i)"=>"2008", "date(2i)"=>"11", "date(3i)"=>"24", "amount"=>"50", "description"=>"Test description"}}
Redirected to http://localhost:3000/books/%23%3CBook:0xb7011578%3E
Completed in 0.05677 (17 reqs/sec) | 302 Found [http://localhost/books]


Processing BooksController#show (for 127.0.0.1 at 2008-11-24 19:57:25) [GET]
  Session ID: BAh7BzoMY3NyZl9pZCIlODQ3ODk1ZWQxZmVmZTEyNDZjNWY0NzI4YTZkMTVk
NDUiCmZsYXNoSUM6J0FjdGlvbkNvbnRyb2xsZXI6OkZsYXNoOjpGbGFzaEhh
c2h7BjoLbm90aWNlIiNCb29rIHdhcyBzdWNjZXNzZnVsbHkgY3JlYXRlZC4G
OgpAdXNlZHsGOwdG--e0e2e15aa443b0077d2632062f4909ea11e2a4d7
  Parameters: {"action"=>"show", "id"=>"#<Book:0xb7011578>", "controller"=>"books"}
Rendering books/show
Completed in 0.02535 (39 reqs/sec) | Rendering: 0.00513 (20%) | 200 OK [http://localhost/books/%23%3CBook:0xb7011578%3E]


Processing BooksController#index (for 127.0.0.1 at 2008-11-24 19:57:27) [GET]
  Session ID: BAh7BzoMY3NyZl9pZCIlODQ3ODk1ZWQxZmVmZTEyNDZjNWY0NzI4YTZkMTVk
NDUiCmZsYXNoSUM6J0FjdGlvbkNvbnRyb2xsZXI6OkZsYXNoOjpGbGFzaEhh
c2h7BjoLbm90aWNlIiNCb29rIHdhcyBzdWNjZXNzZnVsbHkgY3JlYXRlZC4G
OgpAdXNlZHsGOwdU--02c7805e0a31095bf9416c69941e843a91e8d42a
  Parameters: {"action"=>"index", "controller"=>"books"}
Rendering books/index
Completed in 0.02635 (37 reqs/sec) | Rendering: 0.00514 (19%) | 200 OK [http://localhost/books]


Processing BulksController#index (for 127.0.0.1 at 2008-11-24 19:57:31) [GET]
  Session ID: BAh7BzoMY3NyZl9pZCIlODQ3ODk1ZWQxZmVmZTEyNDZjNWY0NzI4YTZkMTVk
NDUiCmZsYXNoSUM6J0FjdGlvbkNvbnRyb2xsZXI6OkZsYXNoOjpGbGFzaEhh
c2h7AAY6CkB1c2VkewA=--7949be652e66ee8dcb0ee21f2ddb236d24cc79eb
  Parameters: {"action"=>"index", "controller"=>"bulks"}
Rendering bulks/index


ActionView::MissingTemplate (Missing template bulks/index.html.erb in view path /home/ubuntu/src/dm2/app/views):
    /usr/local/lib/ruby/gems/1.8/gems/actionpack-2.1.2/lib/action_view/template.rb:85:in `raise_missing_template_exception'
    /usr/local/lib/ruby/gems/1.8/gems/actionpack-2.1.2/lib/action_view/template.rb:78:in `set_extension_and_file_name'
    /usr/local/lib/ruby/gems/1.8/gems/actionpack-2.1.2/lib/action_view/template.rb:15:in `initialize'
    /usr/local/lib/ruby/gems/1.8/gems/actionpack-2.1.2/lib/action_view/base.rb:248:in `new'
    /usr/local/lib/ruby/gems/1.8/gems/actionpack-2.1.2/lib/action_view/base.rb:248:in `render_file'
    /usr/local/lib/ruby/gems/1.8/gems/actionpack-2.1.2/lib/action_controller/base.rb:1112:in `render_for_file'
    /usr/local/lib/ruby/gems/1.8/gems/actionpack-2.1.2/lib/action_controller/base.rb:845:in `render_with_no_layout'
    /usr/local/lib/ruby/gems/1.8/gems/actionpack-2.1.2/lib/action_controller/layout.rb:259:in `render_without_benchmark'
    /usr/local/lib/ruby/gems/1.8/gems/actionpack-2.1.2/lib/action_controller/benchmarking.rb:51:in `render'
    /usr/local/lib/ruby/gems/1.8/gems/activesupport-2.1.2/lib/active_support/core_ext/benchmark.rb:8:in `realtime'
    /usr/local/lib/ruby/gems/1.8/gems/actionpack-2.1.2/lib/action_controller/benchmarking.rb:51:in `render'
    /usr/local/lib/ruby/gems/1.8/gems/actionpack-2.1.2/lib/action_controller/base.rb:1161:in `default_render'
    /usr/local/lib/ruby/gems/1.8/gems/actionpack-2.1.2/lib/action_controller/base.rb:1167:in `perform_action_without_filters'
    /usr/local/lib/ruby/gems/1.8/gems/actionpack-2.1.2/lib/action_controller/filters.rb:579:in `call_filters'
    /usr/local/lib/ruby/gems/1.8/gems/actionpack-2.1.2/lib/action_controller/filters.rb:572:in `perform_action_without_benchmark'
    /usr/local/lib/ruby/gems/1.8/gems/actionpack-2.1.2/lib/action_controller/benchmarking.rb:68:in `perform_action_without_rescue'
    /usr/local/lib/ruby/1.8/benchmark.rb:293:in `measure'
    /usr/local/lib/ruby/gems/1.8/gems/actionpack-2.1.2/lib/action_controller/benchmarking.rb:68:in `perform_action_without_rescue'
    /usr/local/lib/ruby/gems/1.8/gems/actionpack-2.1.2/lib/action_controller/rescue.rb:201:in `perform_action'
    /usr/local/lib/ruby/gems/1.8/gems/actionpack-2.1.2/lib/action_controller/base.rb:529:in `send'
    /usr/local/lib/ruby/gems/1.8/gems/actionpack-2.1.2/lib/action_controller/base.rb:529:in `process_without_filters'
    /usr/local/lib/ruby/gems/1.8/gems/actionpack-2.1.2/lib/action_controller/filters.rb:568:in `process_without_session_management_support'
    /usr/local/lib/ruby/gems/1.8/gems/actionpack-2.1.2/lib/action_controller/session_management.rb:130:in `process'
    /usr/local/lib/ruby/gems/1.8/gems/actionpack-2.1.2/lib/action_controller/base.rb:389:in `process'
    /usr/local/lib/ruby/gems/1.8/gems/actionpack-2.1.2/lib/action_controller/dispatcher.rb:149:in `handle_request'
    /usr/local/lib/ruby/gems/1.8/gems/actionpack-2.1.2/lib/action_controller/dispatcher.rb:107:in `dispatch'
    /usr/local/lib/ruby/gems/1.8/gems/actionpack-2.1.2/lib/action_controller/dispatcher.rb:104:in `synchronize'
    /usr/local/lib/ruby/gems/1.8/gems/actionpack-2.1.2/lib/action_controller/dispatcher.rb:104:in `dispatch'
    /usr/local/lib/ruby/gems/1.8/gems/actionpack-2.1.2/lib/action_controller/dispatcher.rb:120:in `dispatch_cgi'
    /usr/local/lib/ruby/gems/1.8/gems/actionpack-2.1.2/lib/action_controller/dispatcher.rb:35:in `dispatch'
    /usr/local/lib/ruby/gems/1.8/gems/rails-2.1.2/lib/webrick_server.rb:112:in `handle_dispatch'
    /usr/local/lib/ruby/gems/1.8/gems/rails-2.1.2/lib/webrick_server.rb:78:in `service'
    /usr/local/lib/ruby/1.8/webrick/httpserver.rb:104:in `service'
    /usr/local/lib/ruby/1.8/webrick/httpserver.rb:65:in `run'
    /usr/local/lib/ruby/1.8/webrick/server.rb:173:in `start_thread'
    /usr/local/lib/ruby/1.8/webrick/server.rb:162:in `start'
    /usr/local/lib/ruby/1.8/webrick/server.rb:162:in `start_thread'
    /usr/local/lib/ruby/1.8/webrick/server.rb:95:in `start'
    /usr/local/lib/ruby/1.8/webrick/server.rb:92:in `each'
    /usr/local/lib/ruby/1.8/webrick/server.rb:92:in `start'
    /usr/local/lib/ruby/1.8/webrick/server.rb:23:in `start'
    /usr/local/lib/ruby/1.8/webrick/server.rb:82:in `start'
    /usr/local/lib/ruby/gems/1.8/gems/rails-2.1.2/lib/webrick_server.rb:62:in `dispatch'
    /usr/local/lib/ruby/gems/1.8/gems/rails-2.1.2/lib/commands/servers/webrick.rb:66
    /usr/local/lib/ruby/site_ruby/1.8/rubygems/custom_require.rb:31:in `gem_original_require'
    /usr/local/lib/ruby/site_ruby/1.8/rubygems/custom_require.rb:31:in `require'
    /usr/local/lib/ruby/gems/1.8/gems/activesupport-2.1.2/lib/active_support/dependencies.rb:510:in `require'
    /usr/local/lib/ruby/gems/1.8/gems/activesupport-2.1.2/lib/active_support/dependencies.rb:355:in `new_constants_in'
    /usr/local/lib/ruby/gems/1.8/gems/activesupport-2.1.2/lib/active_support/dependencies.rb:510:in `require'
    /usr/local/lib/ruby/gems/1.8/gems/rails-2.1.2/lib/commands/server.rb:39
    /usr/local/lib/ruby/site_ruby/1.8/rubygems/custom_require.rb:31:in `gem_original_require'
    /usr/local/lib/ruby/site_ruby/1.8/rubygems/custom_require.rb:31:in `require'
    script/server:3

Rendering /usr/local/lib/ruby/gems/1.8/gems/actionpack-2.1.2/lib/action_controller/templates/rescues/layout.erb (internal_server_error)


Processing BulksController#index (for 127.0.0.1 at 2008-11-24 19:58:13) [GET]
  Session ID: BAh7BzoMY3NyZl9pZCIlODQ3ODk1ZWQxZmVmZTEyNDZjNWY0NzI4YTZkMTVk
NDUiCmZsYXNoSUM6J0FjdGlvbkNvbnRyb2xsZXI6OkZsYXNoOjpGbGFzaEhh
c2h7AAY6CkB1c2VkewA=--7949be652e66ee8dcb0ee21f2ddb236d24cc79eb
  Parameters: {"action"=>"index", "controller"=>"bulks"}
Rendering bulks/index
Completed in 0.00481 (207 reqs/sec) | Rendering: 0.00218 (45%) | 200 OK [http://localhost/bulks]


Processing BulksController#create (for 127.0.0.1 at 2008-11-24 19:59:29) [POST]
  Session ID: BAh7BzoMY3NyZl9pZCIlODQ3ODk1ZWQxZmVmZTEyNDZjNWY0NzI4YTZkMTVk
NDUiCmZsYXNoSUM6J0FjdGlvbkNvbnRyb2xsZXI6OkZsYXNoOjpGbGFzaEhh
c2h7AAY6CkB1c2VkewA=--7949be652e66ee8dcb0ee21f2ddb236d24cc79eb
  Parameters: {"commit"=>"Create Transactions", "authenticity_token"=>"cac73cf28387718b13e7f7f0c301f9ec3785f7fe", "action"=>"create", "num"=>"5", "controller"=>"bulks"}
Book.create_dummy_data(5)
Rendering bulks/create


ActionView::TemplateError (undefined local variable or method `sample_transactions_path' for #<ActionView::Base:0xb7113a34>) on line #3 of bulks/create.html.erb:
1: <p>Successfully created <%= params[:num] %> new Transaction records</p>
2: 
3: <%= link_to 'Return to Transactions', sample_transactions_path %>

    app/views/bulks/create.html.erb:3:in `_run_erb_47app47views47bulks47create46html46erb'
    /usr/local/lib/ruby/gems/1.8/gems/actionpack-2.1.2/lib/action_view/base.rb:342:in `send'
    /usr/local/lib/ruby/gems/1.8/gems/actionpack-2.1.2/lib/action_view/base.rb:342:in `execute'
    /usr/local/lib/ruby/gems/1.8/gems/actionpack-2.1.2/lib/action_view/template_handlers/compilable.rb:29:in `send'
    /usr/local/lib/ruby/gems/1.8/gems/actionpack-2.1.2/lib/action_view/template_handlers/compilable.rb:29:in `render'
    /usr/local/lib/ruby/gems/1.8/gems/actionpack-2.1.2/lib/action_view/template.rb:35:in `render'
    /usr/local/lib/ruby/gems/1.8/gems/actionpack-2.1.2/lib/action_view/template.rb:22:in `render_template'
    /usr/local/lib/ruby/gems/1.8/gems/actionpack-2.1.2/lib/action_view/base.rb:248:in `render_file'
    /usr/local/lib/ruby/gems/1.8/gems/actionpack-2.1.2/lib/action_controller/base.rb:1112:in `render_for_file'
    /usr/local/lib/ruby/gems/1.8/gems/actionpack-2.1.2/lib/action_controller/base.rb:845:in `render_with_no_layout'
    /usr/local/lib/ruby/gems/1.8/gems/actionpack-2.1.2/lib/action_controller/layout.rb:259:in `render_without_benchmark'
    /usr/local/lib/ruby/gems/1.8/gems/actionpack-2.1.2/lib/action_controller/benchmarking.rb:51:in `render'
    /usr/local/lib/ruby/gems/1.8/gems/activesupport-2.1.2/lib/active_support/core_ext/benchmark.rb:8:in `realtime'
    /usr/local/lib/ruby/gems/1.8/gems/actionpack-2.1.2/lib/action_controller/benchmarking.rb:51:in `render'
    /usr/local/lib/ruby/gems/1.8/gems/actionpack-2.1.2/lib/action_controller/base.rb:1161:in `default_render'
    /usr/local/lib/ruby/gems/1.8/gems/actionpack-2.1.2/lib/action_controller/base.rb:1167:in `perform_action_without_filters'
    /usr/local/lib/ruby/gems/1.8/gems/actionpack-2.1.2/lib/action_controller/filters.rb:579:in `call_filters'
    /usr/local/lib/ruby/gems/1.8/gems/actionpack-2.1.2/lib/action_controller/filters.rb:572:in `perform_action_without_benchmark'
    /usr/local/lib/ruby/gems/1.8/gems/actionpack-2.1.2/lib/action_controller/benchmarking.rb:68:in `perform_action_without_rescue'
    /usr/local/lib/ruby/1.8/benchmark.rb:293:in `measure'
    /usr/local/lib/ruby/gems/1.8/gems/actionpack-2.1.2/lib/action_controller/benchmarking.rb:68:in `perform_action_without_rescue'
    /usr/local/lib/ruby/gems/1.8/gems/actionpack-2.1.2/lib/action_controller/rescue.rb:201:in `perform_action'
    /usr/local/lib/ruby/gems/1.8/gems/actionpack-2.1.2/lib/action_controller/base.rb:529:in `send'
    /usr/local/lib/ruby/gems/1.8/gems/actionpack-2.1.2/lib/action_controller/base.rb:529:in `process_without_filters'
    /usr/local/lib/ruby/gems/1.8/gems/actionpack-2.1.2/lib/action_controller/filters.rb:568:in `process_without_session_management_support'
    /usr/local/lib/ruby/gems/1.8/gems/actionpack-2.1.2/lib/action_controller/session_management.rb:130:in `process'
    /usr/local/lib/ruby/gems/1.8/gems/actionpack-2.1.2/lib/action_controller/base.rb:389:in `process'
    /usr/local/lib/ruby/gems/1.8/gems/actionpack-2.1.2/lib/action_controller/dispatcher.rb:149:in `handle_request'
    /usr/local/lib/ruby/gems/1.8/gems/actionpack-2.1.2/lib/action_controller/dispatcher.rb:107:in `dispatch'
    /usr/local/lib/ruby/gems/1.8/gems/actionpack-2.1.2/lib/action_controller/dispatcher.rb:104:in `synchronize'
    /usr/local/lib/ruby/gems/1.8/gems/actionpack-2.1.2/lib/action_controller/dispatcher.rb:104:in `dispatch'
    /usr/local/lib/ruby/gems/1.8/gems/actionpack-2.1.2/lib/action_controller/dispatcher.rb:120:in `dispatch_cgi'
    /usr/local/lib/ruby/gems/1.8/gems/actionpack-2.1.2/lib/action_controller/dispatcher.rb:35:in `dispatch'
    /usr/local/lib/ruby/gems/1.8/gems/rails-2.1.2/lib/webrick_server.rb:112:in `handle_dispatch'
    /usr/local/lib/ruby/gems/1.8/gems/rails-2.1.2/lib/webrick_server.rb:78:in `service'
    /usr/local/lib/ruby/1.8/webrick/httpserver.rb:104:in `service'
    /usr/local/lib/ruby/1.8/webrick/httpserver.rb:65:in `run'
    /usr/local/lib/ruby/1.8/webrick/server.rb:173:in `start_thread'
    /usr/local/lib/ruby/1.8/webrick/server.rb:162:in `start'
    /usr/local/lib/ruby/1.8/webrick/server.rb:162:in `start_thread'
    /usr/local/lib/ruby/1.8/webrick/server.rb:95:in `start'
    /usr/local/lib/ruby/1.8/webrick/server.rb:92:in `each'
    /usr/local/lib/ruby/1.8/webrick/server.rb:92:in `start'
    /usr/local/lib/ruby/1.8/webrick/server.rb:23:in `start'
    /usr/local/lib/ruby/1.8/webrick/server.rb:82:in `start'
    /usr/local/lib/ruby/gems/1.8/gems/rails-2.1.2/lib/webrick_server.rb:62:in `dispatch'
    /usr/local/lib/ruby/gems/1.8/gems/rails-2.1.2/lib/commands/servers/webrick.rb:66
    /usr/local/lib/ruby/site_ruby/1.8/rubygems/custom_require.rb:31:in `gem_original_require'
    /usr/local/lib/ruby/site_ruby/1.8/rubygems/custom_require.rb:31:in `require'
    /usr/local/lib/ruby/gems/1.8/gems/activesupport-2.1.2/lib/active_support/dependencies.rb:510:in `require'
    /usr/local/lib/ruby/gems/1.8/gems/activesupport-2.1.2/lib/active_support/dependencies.rb:355:in `new_constants_in'
    /usr/local/lib/ruby/gems/1.8/gems/activesupport-2.1.2/lib/active_support/dependencies.rb:510:in `require'
    /usr/local/lib/ruby/gems/1.8/gems/rails-2.1.2/lib/commands/server.rb:39
    /usr/local/lib/ruby/site_ruby/1.8/rubygems/custom_require.rb:31:in `gem_original_require'
    /usr/local/lib/ruby/site_ruby/1.8/rubygems/custom_require.rb:31:in `require'
    script/server:3

Rendering /usr/local/lib/ruby/gems/1.8/gems/actionpack-2.1.2/lib/action_controller/templates/rescues/layout.erb (internal_server_error)


Processing BulksController#create (for 127.0.0.1 at 2008-11-24 20:00:00) [POST]
  Session ID: BAh7BzoMY3NyZl9pZCIlODQ3ODk1ZWQxZmVmZTEyNDZjNWY0NzI4YTZkMTVk
NDUiCmZsYXNoSUM6J0FjdGlvbkNvbnRyb2xsZXI6OkZsYXNoOjpGbGFzaEhh
c2h7AAY6CkB1c2VkewA=--7949be652e66ee8dcb0ee21f2ddb236d24cc79eb
  Parameters: {"commit"=>"Create Transactions", "authenticity_token"=>"cac73cf28387718b13e7f7f0c301f9ec3785f7fe", "action"=>"create", "num"=>"5", "controller"=>"bulks"}
Book.create_dummy_data(5)
Rendering bulks/create
Completed in 0.08030 (12 reqs/sec) | Rendering: 0.00141 (1%) | 200 OK [http://localhost/bulks]


Processing BooksController#index (for 127.0.0.1 at 2008-11-24 20:00:02) [GET]
  Session ID: BAh7BzoMY3NyZl9pZCIlODQ3ODk1ZWQxZmVmZTEyNDZjNWY0NzI4YTZkMTVk
NDUiCmZsYXNoSUM6J0FjdGlvbkNvbnRyb2xsZXI6OkZsYXNoOjpGbGFzaEhh
c2h7AAY6CkB1c2VkewA=--7949be652e66ee8dcb0ee21f2ddb236d24cc79eb
  Parameters: {"action"=>"index", "controller"=>"books"}
Rendering books/index
Completed in 0.04475 (22 reqs/sec) | Rendering: 0.01823 (40%) | 200 OK [http://localhost/books]
